<?xml version="1.0" encoding="UTF-8"?>
<!-- Generated by org.testng.reporters.JUnitReportReporter -->
<testsuite hostname="MININT-8IR53KS" name="com.automation.tests.GooglepageTests" tests="1" failures="0" timestamp="2 Apr 2021 19:15:55 GMT" time="10.246" errors="0">
  <testcase name="googleSearchTest" time="10.246" classname="com.automation.tests.GooglepageTests"/>
</testsuite> <!-- com.automation.tests.GooglepageTests -->
