<?xml version="1.0" encoding="UTF-8"?>
<!-- Generated by org.testng.reporters.JUnitReportReporter -->
<testsuite hostname="Thangaraj" name="testScript.FlipkartWebsite" tests="2" failures="0" timestamp="3 Apr 2019 17:58:54 GMT" time="19.877" errors="0">
  <testcase name="TestScript" time="8.808" classname="testScript.FlipkartWebsite"/>
  <testcase name="TestScript" time="11.069" classname="testScript.FlipkartWebsite"/>
</testsuite> <!-- testScript.FlipkartWebsite -->
