<?xml version="1.0" encoding="UTF-8"?>
<!-- Generated by org.testng.reporters.JUnitReportReporter -->
<testsuite hostname="Thangaraj" name="testScript.AppiumMobileScript" tests="1" failures="0" timestamp="9 Jan 2018 17:24:57 GMT" time="4.141" errors="0">
  <testcase name="TestScript" time="4.141" classname="testScript.AppiumMobileScript"/>
</testsuite> <!-- testScript.AppiumMobileScript -->
